<?xml version="1.0" encoding="UTF-8"?>
<!-- Generated by org.testng.reporters.JUnitReportReporter -->
<testsuite skipped="0" hostname="nabajit-PC" name="com.Amazon.com.TC01_ABC" tests="1" failures="0" timestamp="22 Dec 2021 06:58:55 GMT" time="24.510" errors="0">
  <testcase name="checktest" time="24.510" classname="com.Amazon.com.TC01_ABC"/>
</testsuite> <!-- com.Amazon.com.TC01_ABC -->
