<?xml version="1.0" encoding="UTF-8"?>
<!-- Generated by org.testng.reporters.JUnitReportReporter -->
<testsuite skipped="0" hostname="nabajit-PC" name="com.Amazon.com.TC02_ABC" tests="1" failures="0" timestamp="22 Dec 2021 06:58:55 GMT" time="0.027" errors="0">
  <testcase name="checktest" time="0.027" classname="com.Amazon.com.TC02_ABC"/>
</testsuite> <!-- com.Amazon.com.TC02_ABC -->
