<?xml version="1.0" encoding="UTF-8"?>
<!-- Generated by org.testng.reporters.JUnitReportReporter -->
<testsuite skipped="0" hostname="nabajit-PC" name="com.Amazon.com.TC02_ABC" tests="1" failures="0" timestamp="25 Jul 2021 19:11:21 GMT" time="0.042" errors="0">
  <testcase name="checktest" time="0.042" classname="com.Amazon.com.TC02_ABC"/>
</testsuite> <!-- com.Amazon.com.TC02_ABC -->
